<?xml version="1.0" encoding="UTF-8"?>
<testsuite xmlns:xsi="http://www.w3.org/2001/XMLSchema-instance" xsi:noNamespaceSchemaLocation="https://maven.apache.org/surefire/maven-surefire-plugin/xsd/surefire-test-report.xsd" version="3.0.2" name="com.project.doctorya.AppointmentTest.AppointmentIntegrationTest" time="14.584" tests="5" errors="0" skipped="0" failures="0">
  <properties>
    <property name="java.specification.version" value="17"/>
    <property name="sun.cpu.isalist" value="amd64"/>
    <property name="sun.jnu.encoding" value="Cp1252"/>
    <property name="java.class.path" value="C:\Users\joaaguir\Documents\github\DoctorYa-Java-SpringBoot\target\test-classes;C:\Users\joaaguir\Documents\github\DoctorYa-Java-SpringBoot\target\classes;C:\Users\joaaguir\.m2\repository\org\springframework\boot\spring-boot-starter-web\3.4.5\spring-boot-starter-web-3.4.5.jar;C:\Users\joaaguir\.m2\repository\org\springframework\boot\spring-boot-starter\3.4.5\spring-boot-starter-3.4.5.jar;C:\Users\joaaguir\.m2\repository\org\springframework\boot\spring-boot-starter-logging\3.4.5\spring-boot-starter-logging-3.4.5.jar;C:\Users\joaaguir\.m2\repository\ch\qos\logback\logback-classic\1.5.18\logback-classic-1.5.18.jar;C:\Users\joaaguir\.m2\repository\ch\qos\logback\logback-core\1.5.18\logback-core-1.5.18.jar;C:\Users\joaaguir\.m2\repository\org\apache\logging\log4j\log4j-to-slf4j\2.24.3\log4j-to-slf4j-2.24.3.jar;C:\Users\joaaguir\.m2\repository\org\apache\logging\log4j\log4j-api\2.24.3\log4j-api-2.24.3.jar;C:\Users\joaaguir\.m2\repository\org\slf4j\jul-to-slf4j\2.0.17\jul-to-slf4j-2.0.17.jar;C:\Users\joaaguir\.m2\repository\jakarta\annotation\jakarta.annotation-api\2.1.1\jakarta.annotation-api-2.1.1.jar;C:\Users\joaaguir\.m2\repository\org\yaml\snakeyaml\2.3\snakeyaml-2.3.jar;C:\Users\joaaguir\.m2\repository\org\springframework\boot\spring-boot-starter-json\3.4.5\spring-boot-starter-json-3.4.5.jar;C:\Users\joaaguir\.m2\repository\com\fasterxml\jackson\datatype\jackson-datatype-jdk8\2.18.3\jackson-datatype-jdk8-2.18.3.jar;C:\Users\joaaguir\.m2\repository\com\fasterxml\jackson\datatype\jackson-datatype-jsr310\2.18.3\jackson-datatype-jsr310-2.18.3.jar;C:\Users\joaaguir\.m2\repository\com\fasterxml\jackson\module\jackson-module-parameter-names\2.18.3\jackson-module-parameter-names-2.18.3.jar;C:\Users\joaaguir\.m2\repository\org\springframework\boot\spring-boot-starter-tomcat\3.4.5\spring-boot-starter-tomcat-3.4.5.jar;C:\Users\joaaguir\.m2\repository\org\apache\tomcat\embed\tomcat-embed-core\10.1.40\tomcat-embed-core-10.1.40.jar;C:\Users\joaaguir\.m2\repository\org\apache\tomcat\embed\tomcat-embed-el\10.1.40\tomcat-embed-el-10.1.40.jar;C:\Users\joaaguir\.m2\repository\org\apache\tomcat\embed\tomcat-embed-websocket\10.1.40\tomcat-embed-websocket-10.1.40.jar;C:\Users\joaaguir\.m2\repository\org\springframework\spring-web\6.2.6\spring-web-6.2.6.jar;C:\Users\joaaguir\.m2\repository\org\springframework\spring-beans\6.2.6\spring-beans-6.2.6.jar;C:\Users\joaaguir\.m2\repository\io\micrometer\micrometer-observation\1.14.6\micrometer-observation-1.14.6.jar;C:\Users\joaaguir\.m2\repository\io\micrometer\micrometer-commons\1.14.6\micrometer-commons-1.14.6.jar;C:\Users\joaaguir\.m2\repository\org\springframework\spring-webmvc\6.2.6\spring-webmvc-6.2.6.jar;C:\Users\joaaguir\.m2\repository\org\springframework\spring-context\6.2.6\spring-context-6.2.6.jar;C:\Users\joaaguir\.m2\repository\org\springframework\spring-expression\6.2.6\spring-expression-6.2.6.jar;C:\Users\joaaguir\.m2\repository\org\springframework\boot\spring-boot-devtools\3.4.5\spring-boot-devtools-3.4.5.jar;C:\Users\joaaguir\.m2\repository\org\springframework\boot\spring-boot\3.4.5\spring-boot-3.4.5.jar;C:\Users\joaaguir\.m2\repository\org\springframework\boot\spring-boot-autoconfigure\3.4.5\spring-boot-autoconfigure-3.4.5.jar;C:\Users\joaaguir\.m2\repository\org\projectlombok\lombok\1.18.30\lombok-1.18.30.jar;C:\Users\joaaguir\.m2\repository\org\springframework\boot\spring-boot-starter-data-jpa\3.4.5\spring-boot-starter-data-jpa-3.4.5.jar;C:\Users\joaaguir\.m2\repository\org\springframework\boot\spring-boot-starter-jdbc\3.4.5\spring-boot-starter-jdbc-3.4.5.jar;C:\Users\joaaguir\.m2\repository\com\zaxxer\HikariCP\5.1.0\HikariCP-5.1.0.jar;C:\Users\joaaguir\.m2\repository\org\springframework\spring-jdbc\6.2.6\spring-jdbc-6.2.6.jar;C:\Users\joaaguir\.m2\repository\org\hibernate\orm\hibernate-core\6.6.13.Final\hibernate-core-6.6.13.Final.jar;C:\Users\joaaguir\.m2\repository\jakarta\persistence\jakarta.persistence-api\3.1.0\jakarta.persistence-api-3.1.0.jar;C:\Users\joaaguir\.m2\repository\jakarta\transaction\jakarta.transaction-api\2.0.1\jakarta.transaction-api-2.0.1.jar;C:\Users\joaaguir\.m2\repository\org\hibernate\common\hibernate-commons-annotations\7.0.3.Final\hibernate-commons-annotations-7.0.3.Final.jar;C:\Users\joaaguir\.m2\repository\io\smallrye\jandex\3.2.0\jandex-3.2.0.jar;C:\Users\joaaguir\.m2\repository\org\glassfish\jaxb\jaxb-runtime\4.0.5\jaxb-runtime-4.0.5.jar;C:\Users\joaaguir\.m2\repository\org\glassfish\jaxb\jaxb-core\4.0.5\jaxb-core-4.0.5.jar;C:\Users\joaaguir\.m2\repository\org\eclipse\angus\angus-activation\2.0.2\angus-activation-2.0.2.jar;C:\Users\joaaguir\.m2\repository\org\glassfish\jaxb\txw2\4.0.5\txw2-4.0.5.jar;C:\Users\joaaguir\.m2\repository\com\sun\istack\istack-commons-runtime\4.1.2\istack-commons-runtime-4.1.2.jar;C:\Users\joaaguir\.m2\repository\jakarta\inject\jakarta.inject-api\2.0.1\jakarta.inject-api-2.0.1.jar;C:\Users\joaaguir\.m2\repository\org\antlr\antlr4-runtime\4.13.0\antlr4-runtime-4.13.0.jar;C:\Users\joaaguir\.m2\repository\org\springframework\data\spring-data-jpa\3.4.5\spring-data-jpa-3.4.5.jar;C:\Users\joaaguir\.m2\repository\org\springframework\data\spring-data-commons\3.4.5\spring-data-commons-3.4.5.jar;C:\Users\joaaguir\.m2\repository\org\springframework\spring-orm\6.2.6\spring-orm-6.2.6.jar;C:\Users\joaaguir\.m2\repository\org\springframework\spring-tx\6.2.6\spring-tx-6.2.6.jar;C:\Users\joaaguir\.m2\repository\org\slf4j\slf4j-api\2.0.17\slf4j-api-2.0.17.jar;C:\Users\joaaguir\.m2\repository\org\springframework\spring-aspects\6.2.6\spring-aspects-6.2.6.jar;C:\Users\joaaguir\.m2\repository\org\aspectj\aspectjweaver\1.9.24\aspectjweaver-1.9.24.jar;C:\Users\joaaguir\.m2\repository\org\postgresql\postgresql\42.7.5\postgresql-42.7.5.jar;C:\Users\joaaguir\.m2\repository\org\checkerframework\checker-qual\3.48.3\checker-qual-3.48.3.jar;C:\Users\joaaguir\.m2\repository\org\springframework\boot\spring-boot-starter-security\3.4.5\spring-boot-starter-security-3.4.5.jar;C:\Users\joaaguir\.m2\repository\org\springframework\spring-aop\6.2.6\spring-aop-6.2.6.jar;C:\Users\joaaguir\.m2\repository\org\springframework\security\spring-security-config\6.4.5\spring-security-config-6.4.5.jar;C:\Users\joaaguir\.m2\repository\org\springframework\security\spring-security-web\6.4.5\spring-security-web-6.4.5.jar;C:\Users\joaaguir\.m2\repository\io\jsonwebtoken\jjwt-api\0.11.5\jjwt-api-0.11.5.jar;C:\Users\joaaguir\.m2\repository\io\jsonwebtoken\jjwt-impl\0.11.5\jjwt-impl-0.11.5.jar;C:\Users\joaaguir\.m2\repository\io\jsonwebtoken\jjwt-jackson\0.11.5\jjwt-jackson-0.11.5.jar;C:\Users\joaaguir\.m2\repository\com\fasterxml\jackson\core\jackson-databind\2.18.3\jackson-databind-2.18.3.jar;C:\Users\joaaguir\.m2\repository\com\fasterxml\jackson\core\jackson-annotations\2.18.3\jackson-annotations-2.18.3.jar;C:\Users\joaaguir\.m2\repository\com\fasterxml\jackson\core\jackson-core\2.18.3\jackson-core-2.18.3.jar;C:\Users\joaaguir\.m2\repository\org\modelmapper\modelmapper\3.1.1\modelmapper-3.1.1.jar;C:\Users\joaaguir\.m2\repository\jakarta\validation\jakarta.validation-api\3.0.2\jakarta.validation-api-3.0.2.jar;C:\Users\joaaguir\.m2\repository\org\hibernate\validator\hibernate-validator\8.0.2.Final\hibernate-validator-8.0.2.Final.jar;C:\Users\joaaguir\.m2\repository\org\jboss\logging\jboss-logging\3.6.1.Final\jboss-logging-3.6.1.Final.jar;C:\Users\joaaguir\.m2\repository\com\fasterxml\classmate\1.7.0\classmate-1.7.0.jar;C:\Users\joaaguir\.m2\repository\org\springframework\boot\spring-boot-starter-oauth2-resource-server\3.4.5\spring-boot-starter-oauth2-resource-server-3.4.5.jar;C:\Users\joaaguir\.m2\repository\org\springframework\security\spring-security-core\6.4.5\spring-security-core-6.4.5.jar;C:\Users\joaaguir\.m2\repository\org\springframework\security\spring-security-crypto\6.4.5\spring-security-crypto-6.4.5.jar;C:\Users\joaaguir\.m2\repository\org\springframework\security\spring-security-oauth2-resource-server\6.4.5\spring-security-oauth2-resource-server-6.4.5.jar;C:\Users\joaaguir\.m2\repository\org\springframework\security\spring-security-oauth2-core\6.4.5\spring-security-oauth2-core-6.4.5.jar;C:\Users\joaaguir\.m2\repository\org\springframework\security\spring-security-oauth2-jose\6.4.5\spring-security-oauth2-jose-6.4.5.jar;C:\Users\joaaguir\.m2\repository\com\nimbusds\nimbus-jose-jwt\9.37.3\nimbus-jose-jwt-9.37.3.jar;C:\Users\joaaguir\.m2\repository\com\github\stephenc\jcip\jcip-annotations\1.0-1\jcip-annotations-1.0-1.jar;C:\Users\joaaguir\.m2\repository\org\springdoc\springdoc-openapi-starter-webmvc-ui\2.8.8\springdoc-openapi-starter-webmvc-ui-2.8.8.jar;C:\Users\joaaguir\.m2\repository\org\springdoc\springdoc-openapi-starter-webmvc-api\2.8.8\springdoc-openapi-starter-webmvc-api-2.8.8.jar;C:\Users\joaaguir\.m2\repository\org\springdoc\springdoc-openapi-starter-common\2.8.8\springdoc-openapi-starter-common-2.8.8.jar;C:\Users\joaaguir\.m2\repository\org\springframework\boot\spring-boot-starter-validation\3.4.5\spring-boot-starter-validation-3.4.5.jar;C:\Users\joaaguir\.m2\repository\io\swagger\core\v3\swagger-core-jakarta\2.2.30\swagger-core-jakarta-2.2.30.jar;C:\Users\joaaguir\.m2\repository\org\apache\commons\commons-lang3\3.17.0\commons-lang3-3.17.0.jar;C:\Users\joaaguir\.m2\repository\io\swagger\core\v3\swagger-annotations-jakarta\2.2.30\swagger-annotations-jakarta-2.2.30.jar;C:\Users\joaaguir\.m2\repository\io\swagger\core\v3\swagger-models-jakarta\2.2.30\swagger-models-jakarta-2.2.30.jar;C:\Users\joaaguir\.m2\repository\com\fasterxml\jackson\dataformat\jackson-dataformat-yaml\2.18.3\jackson-dataformat-yaml-2.18.3.jar;C:\Users\joaaguir\.m2\repository\org\webjars\swagger-ui\5.21.0\swagger-ui-5.21.0.jar;C:\Users\joaaguir\.m2\repository\org\webjars\webjars-locator-lite\1.0.1\webjars-locator-lite-1.0.1.jar;C:\Users\joaaguir\.m2\repository\org\jspecify\jspecify\1.0.0\jspecify-1.0.0.jar;C:\Users\joaaguir\.m2\repository\me\paulschwarz\spring-dotenv\2.2.0\spring-dotenv-2.2.0.jar;C:\Users\joaaguir\.m2\repository\io\github\cdimascio\dotenv-java\2.0.0\dotenv-java-2.0.0.jar;C:\Users\joaaguir\.m2\repository\org\springframework\boot\spring-boot-starter-test\3.4.5\spring-boot-starter-test-3.4.5.jar;C:\Users\joaaguir\.m2\repository\org\springframework\boot\spring-boot-test\3.4.5\spring-boot-test-3.4.5.jar;C:\Users\joaaguir\.m2\repository\org\springframework\boot\spring-boot-test-autoconfigure\3.4.5\spring-boot-test-autoconfigure-3.4.5.jar;C:\Users\joaaguir\.m2\repository\com\jayway\jsonpath\json-path\2.9.0\json-path-2.9.0.jar;C:\Users\joaaguir\.m2\repository\jakarta\xml\bind\jakarta.xml.bind-api\4.0.2\jakarta.xml.bind-api-4.0.2.jar;C:\Users\joaaguir\.m2\repository\jakarta\activation\jakarta.activation-api\2.1.3\jakarta.activation-api-2.1.3.jar;C:\Users\joaaguir\.m2\repository\net\minidev\json-smart\2.5.2\json-smart-2.5.2.jar;C:\Users\joaaguir\.m2\repository\net\minidev\accessors-smart\2.5.2\accessors-smart-2.5.2.jar;C:\Users\joaaguir\.m2\repository\org\ow2\asm\asm\9.7.1\asm-9.7.1.jar;C:\Users\joaaguir\.m2\repository\org\assertj\assertj-core\3.26.3\assertj-core-3.26.3.jar;C:\Users\joaaguir\.m2\repository\org\awaitility\awaitility\4.2.2\awaitility-4.2.2.jar;C:\Users\joaaguir\.m2\repository\org\hamcrest\hamcrest\2.2\hamcrest-2.2.jar;C:\Users\joaaguir\.m2\repository\org\junit\jupiter\junit-jupiter\5.11.4\junit-jupiter-5.11.4.jar;C:\Users\joaaguir\.m2\repository\org\junit\jupiter\junit-jupiter-params\5.11.4\junit-jupiter-params-5.11.4.jar;C:\Users\joaaguir\.m2\repository\org\junit\jupiter\junit-jupiter-engine\5.11.4\junit-jupiter-engine-5.11.4.jar;C:\Users\joaaguir\.m2\repository\org\junit\platform\junit-platform-engine\1.11.4\junit-platform-engine-1.11.4.jar;C:\Users\joaaguir\.m2\repository\org\skyscreamer\jsonassert\1.5.3\jsonassert-1.5.3.jar;C:\Users\joaaguir\.m2\repository\com\vaadin\external\google\android-json\0.0.20131108.vaadin1\android-json-0.0.20131108.vaadin1.jar;C:\Users\joaaguir\.m2\repository\org\springframework\spring-core\6.2.6\spring-core-6.2.6.jar;C:\Users\joaaguir\.m2\repository\org\springframework\spring-jcl\6.2.6\spring-jcl-6.2.6.jar;C:\Users\joaaguir\.m2\repository\org\springframework\spring-test\6.2.6\spring-test-6.2.6.jar;C:\Users\joaaguir\.m2\repository\org\xmlunit\xmlunit-core\2.10.0\xmlunit-core-2.10.0.jar;C:\Users\joaaguir\.m2\repository\org\mockito\mockito-core\5.14.2\mockito-core-5.14.2.jar;C:\Users\joaaguir\.m2\repository\net\bytebuddy\byte-buddy\1.15.11\byte-buddy-1.15.11.jar;C:\Users\joaaguir\.m2\repository\net\bytebuddy\byte-buddy-agent\1.15.11\byte-buddy-agent-1.15.11.jar;C:\Users\joaaguir\.m2\repository\org\objenesis\objenesis\3.3\objenesis-3.3.jar;C:\Users\joaaguir\.m2\repository\org\mockito\mockito-junit-jupiter\5.14.2\mockito-junit-jupiter-5.14.2.jar;C:\Users\joaaguir\.m2\repository\org\junit\jupiter\junit-jupiter-api\5.11.4\junit-jupiter-api-5.11.4.jar;C:\Users\joaaguir\.m2\repository\org\opentest4j\opentest4j\1.3.0\opentest4j-1.3.0.jar;C:\Users\joaaguir\.m2\repository\org\junit\platform\junit-platform-commons\1.11.4\junit-platform-commons-1.11.4.jar;C:\Users\joaaguir\.m2\repository\org\apiguardian\apiguardian-api\1.1.2\apiguardian-api-1.1.2.jar;"/>
    <property name="java.vm.vendor" value="Amazon.com Inc."/>
    <property name="sun.arch.data.model" value="64"/>
    <property name="user.variant" value=""/>
    <property name="java.vendor.url" value="https://aws.amazon.com/corretto/"/>
    <property name="user.timezone" value="America/Bogota"/>
    <property name="org.jboss.logging.provider" value="slf4j"/>
    <property name="os.name" value="Windows 11"/>
    <property name="java.vm.specification.version" value="17"/>
    <property name="APPLICATION_NAME" value="doctorya"/>
    <property name="sun.java.launcher" value="SUN_STANDARD"/>
    <property name="user.country" value="CO"/>
    <property name="sun.boot.library.path" value="C:\Program Files\Amazon Corretto\jdk17.0.6_10\bin"/>
    <property name="sun.java.command" value="C:\Users\joaaguir\AppData\Local\Temp\surefire2230120032401655073\surefirebooter-20250527112302079_3.jar C:\Users\joaaguir\AppData\Local\Temp\surefire2230120032401655073 2025-05-27T11-23-01_116-jvmRun1 surefire-20250527112302079_1tmp surefire_0-20250527112302079_2tmp"/>
    <property name="jdk.debug" value="release"/>
    <property name="surefire.test.class.path" value="C:\Users\joaaguir\Documents\github\DoctorYa-Java-SpringBoot\target\test-classes;C:\Users\joaaguir\Documents\github\DoctorYa-Java-SpringBoot\target\classes;C:\Users\joaaguir\.m2\repository\org\springframework\boot\spring-boot-starter-web\3.4.5\spring-boot-starter-web-3.4.5.jar;C:\Users\joaaguir\.m2\repository\org\springframework\boot\spring-boot-starter\3.4.5\spring-boot-starter-3.4.5.jar;C:\Users\joaaguir\.m2\repository\org\springframework\boot\spring-boot-starter-logging\3.4.5\spring-boot-starter-logging-3.4.5.jar;C:\Users\joaaguir\.m2\repository\ch\qos\logback\logback-classic\1.5.18\logback-classic-1.5.18.jar;C:\Users\joaaguir\.m2\repository\ch\qos\logback\logback-core\1.5.18\logback-core-1.5.18.jar;C:\Users\joaaguir\.m2\repository\org\apache\logging\log4j\log4j-to-slf4j\2.24.3\log4j-to-slf4j-2.24.3.jar;C:\Users\joaaguir\.m2\repository\org\apache\logging\log4j\log4j-api\2.24.3\log4j-api-2.24.3.jar;C:\Users\joaaguir\.m2\repository\org\slf4j\jul-to-slf4j\2.0.17\jul-to-slf4j-2.0.17.jar;C:\Users\joaaguir\.m2\repository\jakarta\annotation\jakarta.annotation-api\2.1.1\jakarta.annotation-api-2.1.1.jar;C:\Users\joaaguir\.m2\repository\org\yaml\snakeyaml\2.3\snakeyaml-2.3.jar;C:\Users\joaaguir\.m2\repository\org\springframework\boot\spring-boot-starter-json\3.4.5\spring-boot-starter-json-3.4.5.jar;C:\Users\joaaguir\.m2\repository\com\fasterxml\jackson\datatype\jackson-datatype-jdk8\2.18.3\jackson-datatype-jdk8-2.18.3.jar;C:\Users\joaaguir\.m2\repository\com\fasterxml\jackson\datatype\jackson-datatype-jsr310\2.18.3\jackson-datatype-jsr310-2.18.3.jar;C:\Users\joaaguir\.m2\repository\com\fasterxml\jackson\module\jackson-module-parameter-names\2.18.3\jackson-module-parameter-names-2.18.3.jar;C:\Users\joaaguir\.m2\repository\org\springframework\boot\spring-boot-starter-tomcat\3.4.5\spring-boot-starter-tomcat-3.4.5.jar;C:\Users\joaaguir\.m2\repository\org\apache\tomcat\embed\tomcat-embed-core\10.1.40\tomcat-embed-core-10.1.40.jar;C:\Users\joaaguir\.m2\repository\org\apache\tomcat\embed\tomcat-embed-el\10.1.40\tomcat-embed-el-10.1.40.jar;C:\Users\joaaguir\.m2\repository\org\apache\tomcat\embed\tomcat-embed-websocket\10.1.40\tomcat-embed-websocket-10.1.40.jar;C:\Users\joaaguir\.m2\repository\org\springframework\spring-web\6.2.6\spring-web-6.2.6.jar;C:\Users\joaaguir\.m2\repository\org\springframework\spring-beans\6.2.6\spring-beans-6.2.6.jar;C:\Users\joaaguir\.m2\repository\io\micrometer\micrometer-observation\1.14.6\micrometer-observation-1.14.6.jar;C:\Users\joaaguir\.m2\repository\io\micrometer\micrometer-commons\1.14.6\micrometer-commons-1.14.6.jar;C:\Users\joaaguir\.m2\repository\org\springframework\spring-webmvc\6.2.6\spring-webmvc-6.2.6.jar;C:\Users\joaaguir\.m2\repository\org\springframework\spring-context\6.2.6\spring-context-6.2.6.jar;C:\Users\joaaguir\.m2\repository\org\springframework\spring-expression\6.2.6\spring-expression-6.2.6.jar;C:\Users\joaaguir\.m2\repository\org\springframework\boot\spring-boot-devtools\3.4.5\spring-boot-devtools-3.4.5.jar;C:\Users\joaaguir\.m2\repository\org\springframework\boot\spring-boot\3.4.5\spring-boot-3.4.5.jar;C:\Users\joaaguir\.m2\repository\org\springframework\boot\spring-boot-autoconfigure\3.4.5\spring-boot-autoconfigure-3.4.5.jar;C:\Users\joaaguir\.m2\repository\org\projectlombok\lombok\1.18.30\lombok-1.18.30.jar;C:\Users\joaaguir\.m2\repository\org\springframework\boot\spring-boot-starter-data-jpa\3.4.5\spring-boot-starter-data-jpa-3.4.5.jar;C:\Users\joaaguir\.m2\repository\org\springframework\boot\spring-boot-starter-jdbc\3.4.5\spring-boot-starter-jdbc-3.4.5.jar;C:\Users\joaaguir\.m2\repository\com\zaxxer\HikariCP\5.1.0\HikariCP-5.1.0.jar;C:\Users\joaaguir\.m2\repository\org\springframework\spring-jdbc\6.2.6\spring-jdbc-6.2.6.jar;C:\Users\joaaguir\.m2\repository\org\hibernate\orm\hibernate-core\6.6.13.Final\hibernate-core-6.6.13.Final.jar;C:\Users\joaaguir\.m2\repository\jakarta\persistence\jakarta.persistence-api\3.1.0\jakarta.persistence-api-3.1.0.jar;C:\Users\joaaguir\.m2\repository\jakarta\transaction\jakarta.transaction-api\2.0.1\jakarta.transaction-api-2.0.1.jar;C:\Users\joaaguir\.m2\repository\org\hibernate\common\hibernate-commons-annotations\7.0.3.Final\hibernate-commons-annotations-7.0.3.Final.jar;C:\Users\joaaguir\.m2\repository\io\smallrye\jandex\3.2.0\jandex-3.2.0.jar;C:\Users\joaaguir\.m2\repository\org\glassfish\jaxb\jaxb-runtime\4.0.5\jaxb-runtime-4.0.5.jar;C:\Users\joaaguir\.m2\repository\org\glassfish\jaxb\jaxb-core\4.0.5\jaxb-core-4.0.5.jar;C:\Users\joaaguir\.m2\repository\org\eclipse\angus\angus-activation\2.0.2\angus-activation-2.0.2.jar;C:\Users\joaaguir\.m2\repository\org\glassfish\jaxb\txw2\4.0.5\txw2-4.0.5.jar;C:\Users\joaaguir\.m2\repository\com\sun\istack\istack-commons-runtime\4.1.2\istack-commons-runtime-4.1.2.jar;C:\Users\joaaguir\.m2\repository\jakarta\inject\jakarta.inject-api\2.0.1\jakarta.inject-api-2.0.1.jar;C:\Users\joaaguir\.m2\repository\org\antlr\antlr4-runtime\4.13.0\antlr4-runtime-4.13.0.jar;C:\Users\joaaguir\.m2\repository\org\springframework\data\spring-data-jpa\3.4.5\spring-data-jpa-3.4.5.jar;C:\Users\joaaguir\.m2\repository\org\springframework\data\spring-data-commons\3.4.5\spring-data-commons-3.4.5.jar;C:\Users\joaaguir\.m2\repository\org\springframework\spring-orm\6.2.6\spring-orm-6.2.6.jar;C:\Users\joaaguir\.m2\repository\org\springframework\spring-tx\6.2.6\spring-tx-6.2.6.jar;C:\Users\joaaguir\.m2\repository\org\slf4j\slf4j-api\2.0.17\slf4j-api-2.0.17.jar;C:\Users\joaaguir\.m2\repository\org\springframework\spring-aspects\6.2.6\spring-aspects-6.2.6.jar;C:\Users\joaaguir\.m2\repository\org\aspectj\aspectjweaver\1.9.24\aspectjweaver-1.9.24.jar;C:\Users\joaaguir\.m2\repository\org\postgresql\postgresql\42.7.5\postgresql-42.7.5.jar;C:\Users\joaaguir\.m2\repository\org\checkerframework\checker-qual\3.48.3\checker-qual-3.48.3.jar;C:\Users\joaaguir\.m2\repository\org\springframework\boot\spring-boot-starter-security\3.4.5\spring-boot-starter-security-3.4.5.jar;C:\Users\joaaguir\.m2\repository\org\springframework\spring-aop\6.2.6\spring-aop-6.2.6.jar;C:\Users\joaaguir\.m2\repository\org\springframework\security\spring-security-config\6.4.5\spring-security-config-6.4.5.jar;C:\Users\joaaguir\.m2\repository\org\springframework\security\spring-security-web\6.4.5\spring-security-web-6.4.5.jar;C:\Users\joaaguir\.m2\repository\io\jsonwebtoken\jjwt-api\0.11.5\jjwt-api-0.11.5.jar;C:\Users\joaaguir\.m2\repository\io\jsonwebtoken\jjwt-impl\0.11.5\jjwt-impl-0.11.5.jar;C:\Users\joaaguir\.m2\repository\io\jsonwebtoken\jjwt-jackson\0.11.5\jjwt-jackson-0.11.5.jar;C:\Users\joaaguir\.m2\repository\com\fasterxml\jackson\core\jackson-databind\2.18.3\jackson-databind-2.18.3.jar;C:\Users\joaaguir\.m2\repository\com\fasterxml\jackson\core\jackson-annotations\2.18.3\jackson-annotations-2.18.3.jar;C:\Users\joaaguir\.m2\repository\com\fasterxml\jackson\core\jackson-core\2.18.3\jackson-core-2.18.3.jar;C:\Users\joaaguir\.m2\repository\org\modelmapper\modelmapper\3.1.1\modelmapper-3.1.1.jar;C:\Users\joaaguir\.m2\repository\jakarta\validation\jakarta.validation-api\3.0.2\jakarta.validation-api-3.0.2.jar;C:\Users\joaaguir\.m2\repository\org\hibernate\validator\hibernate-validator\8.0.2.Final\hibernate-validator-8.0.2.Final.jar;C:\Users\joaaguir\.m2\repository\org\jboss\logging\jboss-logging\3.6.1.Final\jboss-logging-3.6.1.Final.jar;C:\Users\joaaguir\.m2\repository\com\fasterxml\classmate\1.7.0\classmate-1.7.0.jar;C:\Users\joaaguir\.m2\repository\org\springframework\boot\spring-boot-starter-oauth2-resource-server\3.4.5\spring-boot-starter-oauth2-resource-server-3.4.5.jar;C:\Users\joaaguir\.m2\repository\org\springframework\security\spring-security-core\6.4.5\spring-security-core-6.4.5.jar;C:\Users\joaaguir\.m2\repository\org\springframework\security\spring-security-crypto\6.4.5\spring-security-crypto-6.4.5.jar;C:\Users\joaaguir\.m2\repository\org\springframework\security\spring-security-oauth2-resource-server\6.4.5\spring-security-oauth2-resource-server-6.4.5.jar;C:\Users\joaaguir\.m2\repository\org\springframework\security\spring-security-oauth2-core\6.4.5\spring-security-oauth2-core-6.4.5.jar;C:\Users\joaaguir\.m2\repository\org\springframework\security\spring-security-oauth2-jose\6.4.5\spring-security-oauth2-jose-6.4.5.jar;C:\Users\joaaguir\.m2\repository\com\nimbusds\nimbus-jose-jwt\9.37.3\nimbus-jose-jwt-9.37.3.jar;C:\Users\joaaguir\.m2\repository\com\github\stephenc\jcip\jcip-annotations\1.0-1\jcip-annotations-1.0-1.jar;C:\Users\joaaguir\.m2\repository\org\springdoc\springdoc-openapi-starter-webmvc-ui\2.8.8\springdoc-openapi-starter-webmvc-ui-2.8.8.jar;C:\Users\joaaguir\.m2\repository\org\springdoc\springdoc-openapi-starter-webmvc-api\2.8.8\springdoc-openapi-starter-webmvc-api-2.8.8.jar;C:\Users\joaaguir\.m2\repository\org\springdoc\springdoc-openapi-starter-common\2.8.8\springdoc-openapi-starter-common-2.8.8.jar;C:\Users\joaaguir\.m2\repository\org\springframework\boot\spring-boot-starter-validation\3.4.5\spring-boot-starter-validation-3.4.5.jar;C:\Users\joaaguir\.m2\repository\io\swagger\core\v3\swagger-core-jakarta\2.2.30\swagger-core-jakarta-2.2.30.jar;C:\Users\joaaguir\.m2\repository\org\apache\commons\commons-lang3\3.17.0\commons-lang3-3.17.0.jar;C:\Users\joaaguir\.m2\repository\io\swagger\core\v3\swagger-annotations-jakarta\2.2.30\swagger-annotations-jakarta-2.2.30.jar;C:\Users\joaaguir\.m2\repository\io\swagger\core\v3\swagger-models-jakarta\2.2.30\swagger-models-jakarta-2.2.30.jar;C:\Users\joaaguir\.m2\repository\com\fasterxml\jackson\dataformat\jackson-dataformat-yaml\2.18.3\jackson-dataformat-yaml-2.18.3.jar;C:\Users\joaaguir\.m2\repository\org\webjars\swagger-ui\5.21.0\swagger-ui-5.21.0.jar;C:\Users\joaaguir\.m2\repository\org\webjars\webjars-locator-lite\1.0.1\webjars-locator-lite-1.0.1.jar;C:\Users\joaaguir\.m2\repository\org\jspecify\jspecify\1.0.0\jspecify-1.0.0.jar;C:\Users\joaaguir\.m2\repository\me\paulschwarz\spring-dotenv\2.2.0\spring-dotenv-2.2.0.jar;C:\Users\joaaguir\.m2\repository\io\github\cdimascio\dotenv-java\2.0.0\dotenv-java-2.0.0.jar;C:\Users\joaaguir\.m2\repository\org\springframework\boot\spring-boot-starter-test\3.4.5\spring-boot-starter-test-3.4.5.jar;C:\Users\joaaguir\.m2\repository\org\springframework\boot\spring-boot-test\3.4.5\spring-boot-test-3.4.5.jar;C:\Users\joaaguir\.m2\repository\org\springframework\boot\spring-boot-test-autoconfigure\3.4.5\spring-boot-test-autoconfigure-3.4.5.jar;C:\Users\joaaguir\.m2\repository\com\jayway\jsonpath\json-path\2.9.0\json-path-2.9.0.jar;C:\Users\joaaguir\.m2\repository\jakarta\xml\bind\jakarta.xml.bind-api\4.0.2\jakarta.xml.bind-api-4.0.2.jar;C:\Users\joaaguir\.m2\repository\jakarta\activation\jakarta.activation-api\2.1.3\jakarta.activation-api-2.1.3.jar;C:\Users\joaaguir\.m2\repository\net\minidev\json-smart\2.5.2\json-smart-2.5.2.jar;C:\Users\joaaguir\.m2\repository\net\minidev\accessors-smart\2.5.2\accessors-smart-2.5.2.jar;C:\Users\joaaguir\.m2\repository\org\ow2\asm\asm\9.7.1\asm-9.7.1.jar;C:\Users\joaaguir\.m2\repository\org\assertj\assertj-core\3.26.3\assertj-core-3.26.3.jar;C:\Users\joaaguir\.m2\repository\org\awaitility\awaitility\4.2.2\awaitility-4.2.2.jar;C:\Users\joaaguir\.m2\repository\org\hamcrest\hamcrest\2.2\hamcrest-2.2.jar;C:\Users\joaaguir\.m2\repository\org\junit\jupiter\junit-jupiter\5.11.4\junit-jupiter-5.11.4.jar;C:\Users\joaaguir\.m2\repository\org\junit\jupiter\junit-jupiter-params\5.11.4\junit-jupiter-params-5.11.4.jar;C:\Users\joaaguir\.m2\repository\org\junit\jupiter\junit-jupiter-engine\5.11.4\junit-jupiter-engine-5.11.4.jar;C:\Users\joaaguir\.m2\repository\org\junit\platform\junit-platform-engine\1.11.4\junit-platform-engine-1.11.4.jar;C:\Users\joaaguir\.m2\repository\org\skyscreamer\jsonassert\1.5.3\jsonassert-1.5.3.jar;C:\Users\joaaguir\.m2\repository\com\vaadin\external\google\android-json\0.0.20131108.vaadin1\android-json-0.0.20131108.vaadin1.jar;C:\Users\joaaguir\.m2\repository\org\springframework\spring-core\6.2.6\spring-core-6.2.6.jar;C:\Users\joaaguir\.m2\repository\org\springframework\spring-jcl\6.2.6\spring-jcl-6.2.6.jar;C:\Users\joaaguir\.m2\repository\org\springframework\spring-test\6.2.6\spring-test-6.2.6.jar;C:\Users\joaaguir\.m2\repository\org\xmlunit\xmlunit-core\2.10.0\xmlunit-core-2.10.0.jar;C:\Users\joaaguir\.m2\repository\org\mockito\mockito-core\5.14.2\mockito-core-5.14.2.jar;C:\Users\joaaguir\.m2\repository\net\bytebuddy\byte-buddy\1.15.11\byte-buddy-1.15.11.jar;C:\Users\joaaguir\.m2\repository\net\bytebuddy\byte-buddy-agent\1.15.11\byte-buddy-agent-1.15.11.jar;C:\Users\joaaguir\.m2\repository\org\objenesis\objenesis\3.3\objenesis-3.3.jar;C:\Users\joaaguir\.m2\repository\org\mockito\mockito-junit-jupiter\5.14.2\mockito-junit-jupiter-5.14.2.jar;C:\Users\joaaguir\.m2\repository\org\junit\jupiter\junit-jupiter-api\5.11.4\junit-jupiter-api-5.11.4.jar;C:\Users\joaaguir\.m2\repository\org\opentest4j\opentest4j\1.3.0\opentest4j-1.3.0.jar;C:\Users\joaaguir\.m2\repository\org\junit\platform\junit-platform-commons\1.11.4\junit-platform-commons-1.11.4.jar;C:\Users\joaaguir\.m2\repository\org\apiguardian\apiguardian-api\1.1.2\apiguardian-api-1.1.2.jar;"/>
    <property name="sun.cpu.endian" value="little"/>
    <property name="user.home" value="C:\Users\joaaguir"/>
    <property name="user.language" value="es"/>
    <property name="java.specification.vendor" value="Oracle Corporation"/>
    <property name="java.version.date" value="2023-01-17"/>
    <property name="java.home" value="C:\Program Files\Amazon Corretto\jdk17.0.6_10"/>
    <property name="file.separator" value="\"/>
    <property name="basedir" value="C:\Users\joaaguir\Documents\github\DoctorYa-Java-SpringBoot"/>
    <property name="java.vm.compressedOopsMode" value="Zero based"/>
    <property name="line.separator" value="&#10;"/>
    <property name="java.vm.specification.vendor" value="Oracle Corporation"/>
    <property name="java.specification.name" value="Java Platform API Specification"/>
    <property name="FILE_LOG_CHARSET" value="windows-1252"/>
    <property name="java.awt.headless" value="true"/>
    <property name="surefire.real.class.path" value="C:\Users\joaaguir\AppData\Local\Temp\surefire2230120032401655073\surefirebooter-20250527112302079_3.jar"/>
    <property name="user.script" value=""/>
    <property name="sun.management.compiler" value="HotSpot 64-Bit Tiered Compilers"/>
    <property name="java.runtime.version" value="17.0.6+10-LTS"/>
    <property name="user.name" value="joaaguir"/>
    <property name="path.separator" value=";"/>
    <property name="os.version" value="10.0"/>
    <property name="java.runtime.name" value="OpenJDK Runtime Environment"/>
    <property name="file.encoding" value="Cp1252"/>
    <property name="java.vm.name" value="OpenJDK 64-Bit Server VM"/>
    <property name="java.vendor.version" value="Corretto-17.0.6.10.1"/>
    <property name="localRepository" value="C:\Users\joaaguir\.m2\repository"/>
    <property name="java.vendor.url.bug" value="https://github.com/corretto/corretto-17/issues/"/>
    <property name="java.io.tmpdir" value="C:\Users\joaaguir\AppData\Local\Temp\"/>
    <property name="com.zaxxer.hikari.pool_number" value="1"/>
    <property name="java.version" value="17.0.6"/>
    <property name="user.dir" value="C:\Users\joaaguir\Documents\github\DoctorYa-Java-SpringBoot"/>
    <property name="os.arch" value="amd64"/>
    <property name="java.vm.specification.name" value="Java Virtual Machine Specification"/>
    <property name="PID" value="19732"/>
    <property name="sun.os.patch.level" value=""/>
    <property name="CONSOLE_LOG_CHARSET" value="windows-1252"/>
    <property name="native.encoding" value="Cp1252"/>
    <property name="java.library.path" value="C:\Program Files\Amazon Corretto\jdk17.0.6_10\bin;C:\WINDOWS\Sun\Java\bin;C:\WINDOWS\system32;C:\WINDOWS;C:\Program Files\Amazon Corretto\jdk17.0.6_10\bin;C:\Oracle21c\dbhomeXE\bin;C:\WINDOWS\system32;C:\WINDOWS;C:\WINDOWS\System32\Wbem;C:\WINDOWS\System32\WindowsPowerShell\v1.0\;C:\WINDOWS\System32\OpenSSH\;C:\angular-cli-master;C:\Program Files\Amazon\SessionManagerPlugin\bin\;C:\Users\joaaguir\AppData\Roaming\npm\;C:\Program Files\Amazon\AWSCLIV2\;C:\Program Files\RedHat\Podman\;C:\Users\joaaguir\Documents\Bancolombia\kubernetes;C:\Program Files\Git\cmd;C:\Program Files\Cloudflare\Cloudflare WARP\;C:\Program Files\nodejs\;C:\docker;C:\Program Files\Kubernetes\Minikube;C:\Users\joaaguir\AppData\Local\Programs\Python\Python313\Scripts\;C:\Users\joaaguir\AppData\Local\Programs\Python\Python313\;C:\Users\joaaguir\AppData\Local\Programs\Python\Python312\Scripts\;C:\Users\joaaguir\AppData\Local\Programs\Python\Python312\;C:\Users\joaaguir\AppData\Local\Microsoft\WindowsApps;;C:\Users\joaaguir\AppData\Local\Programs\Microsoft VS Code\bin;C:\Users\joaaguir\AppData\Roaming\npm;."/>
    <property name="java.vm.info" value="mixed mode, sharing"/>
    <property name="java.vendor" value="Amazon.com Inc."/>
    <property name="java.vm.version" value="17.0.6+10-LTS"/>
    <property name="sun.io.unicode.encoding" value="UnicodeLittle"/>
    <property name="java.class.version" value="61.0"/>
    <property name="LOGGED_APPLICATION_NAME" value="[doctorya] "/>
  </properties>
  <testcase name="testGetByIdAppointment" classname="com.project.doctorya.AppointmentTest.AppointmentIntegrationTest" time="1.647">
    <system-out><![CDATA[11:23:05.301 [main] INFO org.springframework.test.context.support.AnnotationConfigContextLoaderUtils -- Could not detect default configuration classes for test class [com.project.doctorya.AppointmentTest.AppointmentIntegrationTest]: AppointmentIntegrationTest does not declare any static, non-private, non-final, nested classes annotated with @Configuration.
11:23:05.817 [main] INFO org.springframework.boot.test.context.SpringBootTestContextBootstrapper -- Found @SpringBootConfiguration com.project.doctorya.DoctoryaApplication for test class com.project.doctorya.AppointmentTest.AppointmentIntegrationTest
11:23:06.409 [main] INFO org.springframework.boot.devtools.restart.RestartApplicationListener -- Restart disabled due to context in which it is running

  .   ____          _            __ _ _
 /\\ / ___'_ __ _ _(_)_ __  __ _ \ \ \ \
( ( )\___ | '_ | '_| | '_ \/ _` | \ \ \ \
 \\/  ___)| |_)| | | | | || (_| |  ) ) ) )
  '  |____| .__|_| |_|_| |_\__, | / / / /
 =========|_|==============|___/=/_/_/_/

 :: Spring Boot ::                (v3.4.5)

2025-05-27T11:23:06.898-05:00  INFO 19732 --- [doctorya] [           main] c.p.d.A.AppointmentIntegrationTest       : Starting AppointmentIntegrationTest using Java 17.0.6 with PID 19732 (started by joaaguir in C:\Users\joaaguir\Documents\github\DoctorYa-Java-SpringBoot)
2025-05-27T11:23:06.900-05:00  INFO 19732 --- [doctorya] [           main] c.p.d.A.AppointmentIntegrationTest       : No active profile set, falling back to 1 default profile: "default"
2025-05-27T11:23:08.758-05:00  INFO 19732 --- [doctorya] [           main] .s.d.r.c.RepositoryConfigurationDelegate : Bootstrapping Spring Data JPA repositories in DEFAULT mode.
2025-05-27T11:23:08.871-05:00  INFO 19732 --- [doctorya] [           main] .s.d.r.c.RepositoryConfigurationDelegate : Finished Spring Data repository scanning in 99 ms. Found 4 JPA repository interfaces.
2025-05-27T11:23:09.847-05:00  INFO 19732 --- [doctorya] [           main] o.hibernate.jpa.internal.util.LogHelper  : HHH000204: Processing PersistenceUnitInfo [name: default]
2025-05-27T11:23:09.994-05:00  INFO 19732 --- [doctorya] [           main] org.hibernate.Version                    : HHH000412: Hibernate ORM core version 6.6.13.Final
2025-05-27T11:23:10.056-05:00  INFO 19732 --- [doctorya] [           main] o.h.c.internal.RegionFactoryInitiator    : HHH000026: Second-level cache disabled
2025-05-27T11:23:10.665-05:00  INFO 19732 --- [doctorya] [           main] o.s.o.j.p.SpringPersistenceUnitInfo      : No LoadTimeWeaver setup: ignoring JPA class transformer
2025-05-27T11:23:10.705-05:00  INFO 19732 --- [doctorya] [           main] com.zaxxer.hikari.HikariDataSource       : HikariPool-1 - Starting...
2025-05-27T11:23:11.102-05:00  INFO 19732 --- [doctorya] [           main] com.zaxxer.hikari.pool.HikariPool        : HikariPool-1 - Added connection org.postgresql.jdbc.PgConnection@74cc987a
2025-05-27T11:23:11.105-05:00  INFO 19732 --- [doctorya] [           main] com.zaxxer.hikari.HikariDataSource       : HikariPool-1 - Start completed.
2025-05-27T11:23:11.336-05:00  INFO 19732 --- [doctorya] [           main] org.hibernate.orm.connections.pooling    : HHH10001005: Database info:
	Database JDBC URL [Connecting through datasource 'HikariDataSource (HikariPool-1)']
	Database driver: undefined/unknown
	Database version: 13.4
	Autocommit mode: undefined/unknown
	Isolation level: undefined/unknown
	Minimum pool size: undefined/unknown
	Maximum pool size: undefined/unknown
2025-05-27T11:23:13.052-05:00  INFO 19732 --- [doctorya] [           main] o.h.e.t.j.p.i.JtaPlatformInitiator       : HHH000489: No JTA platform available (set 'hibernate.transaction.jta.platform' to enable JTA platform integration)
Hibernate: set client_min_messages = WARNING
Hibernate: alter table if exists appointment drop constraint if exists FK4apif2ewfyf14077ichee8g06
Hibernate: alter table if exists appointment drop constraint if exists FK68g9pht8khvj6imavqgopylme
Hibernate: alter table if exists patient drop constraint if exists FKd0938jirih56x9extwo7ostuc
Hibernate: alter table if exists physician drop constraint if exists FKhe1w4md7rlf6d2t2c2abtxjmw
Hibernate: drop table if exists appointment cascade
Hibernate: drop table if exists auth cascade
Hibernate: drop table if exists patient cascade
Hibernate: drop table if exists physician cascade
Hibernate: create table appointment (end_date timestamp(6) not null, start_date timestamp(6) not null, id uuid not null, patient_id uuid not null, physician_id uuid not null, reason varchar(255) not null, primary key (id))
Hibernate: create table auth (id uuid not null, identification varchar(255) not null unique, password varchar(255) not null, rol varchar(255) check (rol in ('ADMIN','PATIENT','PHYSICIAN')), primary key (id))
Hibernate: create table patient (auth_id uuid unique, id uuid not null, insurance varchar(255) not null, name varchar(255) not null, primary key (id))
Hibernate: create table physician (auth_id uuid unique, id uuid not null, code varchar(255) not null, name varchar(255) not null, speciality varchar(255) not null, primary key (id))
Hibernate: alter table if exists appointment add constraint FK4apif2ewfyf14077ichee8g06 foreign key (patient_id) references patient
Hibernate: alter table if exists appointment add constraint FK68g9pht8khvj6imavqgopylme foreign key (physician_id) references physician
Hibernate: alter table if exists patient add constraint FKd0938jirih56x9extwo7ostuc foreign key (auth_id) references auth
Hibernate: alter table if exists physician add constraint FKhe1w4md7rlf6d2t2c2abtxjmw foreign key (auth_id) references auth
2025-05-27T11:23:13.156-05:00  INFO 19732 --- [doctorya] [           main] j.LocalContainerEntityManagerFactoryBean : Initialized JPA EntityManagerFactory for persistence unit 'default'
2025-05-27T11:23:13.624-05:00  INFO 19732 --- [doctorya] [           main] o.s.d.j.r.query.QueryEnhancerFactory     : Hibernate is in classpath; If applicable, HQL parser will be used.
2025-05-27T11:23:15.011-05:00  WARN 19732 --- [doctorya] [           main] JpaBaseConfiguration$JpaWebConfiguration : spring.jpa.open-in-view is enabled by default. Therefore, database queries may be performed during view rendering. Explicitly configure spring.jpa.open-in-view to disable this warning
2025-05-27T11:23:15.052-05:00 DEBUG 19732 --- [doctorya] [           main] swordEncoderAuthenticationManagerBuilder : No authenticationProviders and no parentAuthenticationManager defined. Returning null.
2025-05-27T11:23:16.003-05:00 DEBUG 19732 --- [doctorya] [           main] o.s.s.web.DefaultSecurityFilterChain     : Will secure any request with filters: DisableEncodeUrlFilter, WebAsyncManagerIntegrationFilter, SecurityContextHolderFilter, HeaderWriterFilter, LogoutFilter, BearerTokenAuthenticationFilter, RequestCacheAwareFilter, SecurityContextHolderAwareRequestFilter, AnonymousAuthenticationFilter, SessionManagementFilter, ExceptionTranslationFilter, AuthorizationFilter
2025-05-27T11:23:16.844-05:00  INFO 19732 --- [doctorya] [           main] o.s.b.t.m.w.SpringBootMockServletContext : Initializing Spring TestDispatcherServlet ''
2025-05-27T11:23:16.844-05:00  INFO 19732 --- [doctorya] [           main] o.s.t.web.servlet.TestDispatcherServlet  : Initializing Servlet ''
2025-05-27T11:23:16.845-05:00  INFO 19732 --- [doctorya] [           main] o.s.t.web.servlet.TestDispatcherServlet  : Completed initialization in 0 ms
2025-05-27T11:23:16.872-05:00  INFO 19732 --- [doctorya] [           main] c.p.d.A.AppointmentIntegrationTest       : Started AppointmentIntegrationTest in 10.497 seconds (process running for 14.155)
2025-05-27T11:23:17.832-05:00 DEBUG 19732 --- [doctorya] [           main] o.s.security.web.FilterChainProxy        : Securing POST /auth/register
2025-05-27T11:23:17.841-05:00 DEBUG 19732 --- [doctorya] [           main] o.s.s.w.a.AnonymousAuthenticationFilter  : Set SecurityContextHolder to anonymous SecurityContext
2025-05-27T11:23:17.843-05:00 DEBUG 19732 --- [doctorya] [           main] o.s.security.web.FilterChainProxy        : Secured POST /auth/register
Hibernate: select a1_0.id,a1_0.identification,a1_0.password,a1_0.rol from auth a1_0 where a1_0.identification=?
Hibernate: insert into auth (identification,password,rol,id) values (?,?,?,?)
2025-05-27T11:23:18.232-05:00 DEBUG 19732 --- [doctorya] [           main] o.s.security.web.FilterChainProxy        : Securing POST /auth/login
2025-05-27T11:23:18.232-05:00 DEBUG 19732 --- [doctorya] [           main] o.s.s.w.a.AnonymousAuthenticationFilter  : Set SecurityContextHolder to anonymous SecurityContext
2025-05-27T11:23:18.232-05:00 DEBUG 19732 --- [doctorya] [           main] o.s.security.web.FilterChainProxy        : Secured POST /auth/login
1053847601
Hibernate: select a1_0.id,a1_0.identification,a1_0.password,a1_0.rol from auth a1_0 where a1_0.identification=?
Hibernate: insert into auth (identification,password,rol,id) values (?,?,?,?)
Hibernate: insert into patient (auth_id,insurance,name,id) values (?,?,?,?)
Hibernate: insert into auth (identification,password,rol,id) values (?,?,?,?)
Hibernate: insert into physician (auth_id,code,name,speciality,id) values (?,?,?,?,?)
Hibernate: insert into appointment (end_date,patient_id,physician_id,reason,start_date,id) values (?,?,?,?,?,?)
2025-05-27T11:23:18.378-05:00 DEBUG 19732 --- [doctorya] [           main] o.s.security.web.FilterChainProxy        : Securing GET /appointment/5e1a9086-5dbf-42d9-907d-16c944e33c0e
2025-05-27T11:23:18.438-05:00 DEBUG 19732 --- [doctorya] [           main] o.s.s.o.s.r.a.JwtAuthenticationProvider  : Authenticated token
2025-05-27T11:23:18.439-05:00 DEBUG 19732 --- [doctorya] [           main] .s.r.w.a.BearerTokenAuthenticationFilter : Set SecurityContextHolder to JwtAuthenticationToken [Principal=org.springframework.security.oauth2.jwt.Jwt@1a7ec6c0, Credentials=[PROTECTED], Authenticated=true, Details=WebAuthenticationDetails [RemoteIpAddress=127.0.0.1, SessionId=null], Granted Authorities=[ROLE_ADMIN]]
2025-05-27T11:23:18.439-05:00 DEBUG 19732 --- [doctorya] [           main] o.s.security.web.FilterChainProxy        : Secured GET /appointment/5e1a9086-5dbf-42d9-907d-16c944e33c0e
Hibernate: select a1_0.id,a1_0.end_date,a1_0.patient_id,p1_0.id,a2_0.id,a2_0.identification,a2_0.password,a2_0.rol,p1_0.insurance,p1_0.name,a1_0.physician_id,p2_0.id,a3_0.id,a3_0.identification,a3_0.password,a3_0.rol,p2_0.code,p2_0.name,p2_0.speciality,a1_0.reason,a1_0.start_date from appointment a1_0 join patient p1_0 on p1_0.id=a1_0.patient_id left join auth a2_0 on a2_0.id=p1_0.auth_id join physician p2_0 on p2_0.id=a1_0.physician_id left join auth a3_0 on a3_0.id=p2_0.auth_id where a1_0.id=?
Hibernate: select a1_0.id,a1_0.end_date,a1_0.patient_id,a1_0.physician_id,a1_0.reason,a1_0.start_date from appointment a1_0
Hibernate: select p1_0.id,a1_0.id,a1_0.identification,a1_0.password,a1_0.rol,p1_0.insurance,p1_0.name from patient p1_0 left join auth a1_0 on a1_0.id=p1_0.auth_id where p1_0.id=?
Hibernate: select p1_0.id,a1_0.id,a1_0.identification,a1_0.password,a1_0.rol,p1_0.code,p1_0.name,p1_0.speciality from physician p1_0 left join auth a1_0 on a1_0.id=p1_0.auth_id where p1_0.id=?
Hibernate: delete from appointment where id=?
Hibernate: select p1_0.id,p1_0.auth_id,p1_0.insurance,p1_0.name from patient p1_0
Hibernate: select a1_0.id,a1_0.identification,a1_0.password,a1_0.rol from auth a1_0 where a1_0.id=?
Hibernate: delete from patient where id=?
Hibernate: delete from auth where id=?
Hibernate: select p1_0.id,p1_0.auth_id,p1_0.code,p1_0.name,p1_0.speciality from physician p1_0
Hibernate: select a1_0.id,a1_0.identification,a1_0.password,a1_0.rol from auth a1_0 where a1_0.id=?
Hibernate: delete from physician where id=?
Hibernate: delete from auth where id=?
Hibernate: select a1_0.id,a1_0.identification,a1_0.password,a1_0.rol from auth a1_0
Hibernate: delete from auth where id=?
]]></system-out>
  </testcase>
  <testcase name="testUpdateAppointment" classname="com.project.doctorya.AppointmentTest.AppointmentIntegrationTest" time="0.19">
    <system-out><![CDATA[2025-05-27T11:23:18.540-05:00 DEBUG 19732 --- [doctorya] [           main] o.s.security.web.FilterChainProxy        : Securing POST /auth/register
2025-05-27T11:23:18.540-05:00 DEBUG 19732 --- [doctorya] [           main] o.s.s.w.a.AnonymousAuthenticationFilter  : Set SecurityContextHolder to anonymous SecurityContext
2025-05-27T11:23:18.540-05:00 DEBUG 19732 --- [doctorya] [           main] o.s.security.web.FilterChainProxy        : Secured POST /auth/register
Hibernate: select a1_0.id,a1_0.identification,a1_0.password,a1_0.rol from auth a1_0 where a1_0.identification=?
Hibernate: insert into auth (identification,password,rol,id) values (?,?,?,?)
2025-05-27T11:23:18.609-05:00 DEBUG 19732 --- [doctorya] [           main] o.s.security.web.FilterChainProxy        : Securing POST /auth/login
2025-05-27T11:23:18.609-05:00 DEBUG 19732 --- [doctorya] [           main] o.s.s.w.a.AnonymousAuthenticationFilter  : Set SecurityContextHolder to anonymous SecurityContext
2025-05-27T11:23:18.609-05:00 DEBUG 19732 --- [doctorya] [           main] o.s.security.web.FilterChainProxy        : Secured POST /auth/login
1053847601
Hibernate: select a1_0.id,a1_0.identification,a1_0.password,a1_0.rol from auth a1_0 where a1_0.identification=?
Hibernate: insert into auth (identification,password,rol,id) values (?,?,?,?)
Hibernate: insert into patient (auth_id,insurance,name,id) values (?,?,?,?)
Hibernate: insert into auth (identification,password,rol,id) values (?,?,?,?)
Hibernate: insert into physician (auth_id,code,name,speciality,id) values (?,?,?,?,?)
Hibernate: insert into appointment (end_date,patient_id,physician_id,reason,start_date,id) values (?,?,?,?,?,?)
2025-05-27T11:23:18.685-05:00 DEBUG 19732 --- [doctorya] [           main] o.s.security.web.FilterChainProxy        : Securing PUT /appointment/ab8b6102-911c-4ff5-9e45-f3c1659723e0
2025-05-27T11:23:18.685-05:00 DEBUG 19732 --- [doctorya] [           main] o.s.s.o.s.r.a.JwtAuthenticationProvider  : Authenticated token
2025-05-27T11:23:18.686-05:00 DEBUG 19732 --- [doctorya] [           main] .s.r.w.a.BearerTokenAuthenticationFilter : Set SecurityContextHolder to JwtAuthenticationToken [Principal=org.springframework.security.oauth2.jwt.Jwt@1a7ec6c0, Credentials=[PROTECTED], Authenticated=true, Details=WebAuthenticationDetails [RemoteIpAddress=127.0.0.1, SessionId=null], Granted Authorities=[ROLE_ADMIN]]
2025-05-27T11:23:18.686-05:00 DEBUG 19732 --- [doctorya] [           main] o.s.security.web.FilterChainProxy        : Secured PUT /appointment/ab8b6102-911c-4ff5-9e45-f3c1659723e0
Hibernate: select a1_0.id,a1_0.end_date,a1_0.patient_id,p1_0.id,a2_0.id,a2_0.identification,a2_0.password,a2_0.rol,p1_0.insurance,p1_0.name,a1_0.physician_id,p2_0.id,a3_0.id,a3_0.identification,a3_0.password,a3_0.rol,p2_0.code,p2_0.name,p2_0.speciality,a1_0.reason,a1_0.start_date from appointment a1_0 join patient p1_0 on p1_0.id=a1_0.patient_id left join auth a2_0 on a2_0.id=p1_0.auth_id join physician p2_0 on p2_0.id=a1_0.physician_id left join auth a3_0 on a3_0.id=p2_0.auth_id where a1_0.id=?
Hibernate: update appointment set end_date=?,patient_id=?,physician_id=?,reason=?,start_date=? where id=?
Hibernate: select a1_0.id,a1_0.end_date,a1_0.patient_id,a1_0.physician_id,a1_0.reason,a1_0.start_date from appointment a1_0
Hibernate: select p1_0.id,a1_0.id,a1_0.identification,a1_0.password,a1_0.rol,p1_0.insurance,p1_0.name from patient p1_0 left join auth a1_0 on a1_0.id=p1_0.auth_id where p1_0.id=?
Hibernate: select p1_0.id,a1_0.id,a1_0.identification,a1_0.password,a1_0.rol,p1_0.code,p1_0.name,p1_0.speciality from physician p1_0 left join auth a1_0 on a1_0.id=p1_0.auth_id where p1_0.id=?
Hibernate: delete from appointment where id=?
Hibernate: select p1_0.id,p1_0.auth_id,p1_0.insurance,p1_0.name from patient p1_0
Hibernate: select a1_0.id,a1_0.identification,a1_0.password,a1_0.rol from auth a1_0 where a1_0.id=?
Hibernate: delete from patient where id=?
Hibernate: delete from auth where id=?
Hibernate: select p1_0.id,p1_0.auth_id,p1_0.code,p1_0.name,p1_0.speciality from physician p1_0
Hibernate: select a1_0.id,a1_0.identification,a1_0.password,a1_0.rol from auth a1_0 where a1_0.id=?
Hibernate: delete from physician where id=?
Hibernate: delete from auth where id=?
Hibernate: select a1_0.id,a1_0.identification,a1_0.password,a1_0.rol from auth a1_0
Hibernate: delete from auth where id=?
]]></system-out>
  </testcase>
  <testcase name="testDeleteAppointment" classname="com.project.doctorya.AppointmentTest.AppointmentIntegrationTest" time="0.206">
    <system-out><![CDATA[2025-05-27T11:23:18.729-05:00 DEBUG 19732 --- [doctorya] [           main] o.s.security.web.FilterChainProxy        : Securing POST /auth/register
2025-05-27T11:23:18.729-05:00 DEBUG 19732 --- [doctorya] [           main] o.s.s.w.a.AnonymousAuthenticationFilter  : Set SecurityContextHolder to anonymous SecurityContext
2025-05-27T11:23:18.730-05:00 DEBUG 19732 --- [doctorya] [           main] o.s.security.web.FilterChainProxy        : Secured POST /auth/register
Hibernate: select a1_0.id,a1_0.identification,a1_0.password,a1_0.rol from auth a1_0 where a1_0.identification=?
Hibernate: insert into auth (identification,password,rol,id) values (?,?,?,?)
2025-05-27T11:23:18.796-05:00 DEBUG 19732 --- [doctorya] [           main] o.s.security.web.FilterChainProxy        : Securing POST /auth/login
2025-05-27T11:23:18.797-05:00 DEBUG 19732 --- [doctorya] [           main] o.s.s.w.a.AnonymousAuthenticationFilter  : Set SecurityContextHolder to anonymous SecurityContext
2025-05-27T11:23:18.797-05:00 DEBUG 19732 --- [doctorya] [           main] o.s.security.web.FilterChainProxy        : Secured POST /auth/login
1053847601
Hibernate: select a1_0.id,a1_0.identification,a1_0.password,a1_0.rol from auth a1_0 where a1_0.identification=?
Hibernate: insert into auth (identification,password,rol,id) values (?,?,?,?)
Hibernate: insert into patient (auth_id,insurance,name,id) values (?,?,?,?)
Hibernate: insert into auth (identification,password,rol,id) values (?,?,?,?)
Hibernate: insert into physician (auth_id,code,name,speciality,id) values (?,?,?,?,?)
Hibernate: insert into appointment (end_date,patient_id,physician_id,reason,start_date,id) values (?,?,?,?,?,?)
2025-05-27T11:23:18.878-05:00 DEBUG 19732 --- [doctorya] [           main] o.s.security.web.FilterChainProxy        : Securing DELETE /appointment/3fc96974-53f4-4fd1-a091-7e59ff55b7bb
2025-05-27T11:23:18.879-05:00 DEBUG 19732 --- [doctorya] [           main] o.s.s.o.s.r.a.JwtAuthenticationProvider  : Authenticated token
2025-05-27T11:23:18.879-05:00 DEBUG 19732 --- [doctorya] [           main] .s.r.w.a.BearerTokenAuthenticationFilter : Set SecurityContextHolder to JwtAuthenticationToken [Principal=org.springframework.security.oauth2.jwt.Jwt@1a7ec6c0, Credentials=[PROTECTED], Authenticated=true, Details=WebAuthenticationDetails [RemoteIpAddress=127.0.0.1, SessionId=null], Granted Authorities=[ROLE_ADMIN]]
2025-05-27T11:23:18.879-05:00 DEBUG 19732 --- [doctorya] [           main] o.s.security.web.FilterChainProxy        : Secured DELETE /appointment/3fc96974-53f4-4fd1-a091-7e59ff55b7bb
2025-05-27T11:23:18.881-05:00 DEBUG 19732 --- [doctorya] [           main] horizationManagerBeforeMethodInterceptor : Authorizing method invocation ReflectiveMethodInvocation: public void com.project.doctorya.appointment.controller.AppointmentController.delete(java.util.UUID); target is of class [com.project.doctorya.appointment.controller.AppointmentController]
2025-05-27T11:23:18.896-05:00 DEBUG 19732 --- [doctorya] [           main] horizationManagerBeforeMethodInterceptor : Authorized method invocation ReflectiveMethodInvocation: public void com.project.doctorya.appointment.controller.AppointmentController.delete(java.util.UUID); target is of class [com.project.doctorya.appointment.controller.AppointmentController]
Hibernate: select a1_0.id,a1_0.end_date,a1_0.patient_id,p1_0.id,a2_0.id,a2_0.identification,a2_0.password,a2_0.rol,p1_0.insurance,p1_0.name,a1_0.physician_id,p2_0.id,a3_0.id,a3_0.identification,a3_0.password,a3_0.rol,p2_0.code,p2_0.name,p2_0.speciality,a1_0.reason,a1_0.start_date from appointment a1_0 join patient p1_0 on p1_0.id=a1_0.patient_id left join auth a2_0 on a2_0.id=p1_0.auth_id join physician p2_0 on p2_0.id=a1_0.physician_id left join auth a3_0 on a3_0.id=p2_0.auth_id where a1_0.id=?
Hibernate: delete from appointment where id=?
Hibernate: select a1_0.id,a1_0.end_date,a1_0.patient_id,p1_0.id,a2_0.id,a2_0.identification,a2_0.password,a2_0.rol,p1_0.insurance,p1_0.name,a1_0.physician_id,p2_0.id,a3_0.id,a3_0.identification,a3_0.password,a3_0.rol,p2_0.code,p2_0.name,p2_0.speciality,a1_0.reason,a1_0.start_date from appointment a1_0 join patient p1_0 on p1_0.id=a1_0.patient_id left join auth a2_0 on a2_0.id=p1_0.auth_id join physician p2_0 on p2_0.id=a1_0.physician_id left join auth a3_0 on a3_0.id=p2_0.auth_id where a1_0.id=?
Hibernate: select a1_0.id,a1_0.end_date,a1_0.patient_id,a1_0.physician_id,a1_0.reason,a1_0.start_date from appointment a1_0
Hibernate: select p1_0.id,p1_0.auth_id,p1_0.insurance,p1_0.name from patient p1_0
Hibernate: select a1_0.id,a1_0.identification,a1_0.password,a1_0.rol from auth a1_0 where a1_0.id=?
Hibernate: delete from patient where id=?
Hibernate: delete from auth where id=?
Hibernate: select p1_0.id,p1_0.auth_id,p1_0.code,p1_0.name,p1_0.speciality from physician p1_0
Hibernate: select a1_0.id,a1_0.identification,a1_0.password,a1_0.rol from auth a1_0 where a1_0.id=?
Hibernate: delete from physician where id=?
Hibernate: delete from auth where id=?
Hibernate: select a1_0.id,a1_0.identification,a1_0.password,a1_0.rol from auth a1_0
Hibernate: delete from auth where id=?
]]></system-out>
  </testcase>
  <testcase name="testGetAppointment" classname="com.project.doctorya.AppointmentTest.AppointmentIntegrationTest" time="0.178">
    <system-out><![CDATA[2025-05-27T11:23:18.936-05:00 DEBUG 19732 --- [doctorya] [           main] o.s.security.web.FilterChainProxy        : Securing POST /auth/register
2025-05-27T11:23:18.936-05:00 DEBUG 19732 --- [doctorya] [           main] o.s.s.w.a.AnonymousAuthenticationFilter  : Set SecurityContextHolder to anonymous SecurityContext
2025-05-27T11:23:18.937-05:00 DEBUG 19732 --- [doctorya] [           main] o.s.security.web.FilterChainProxy        : Secured POST /auth/register
Hibernate: select a1_0.id,a1_0.identification,a1_0.password,a1_0.rol from auth a1_0 where a1_0.identification=?
Hibernate: insert into auth (identification,password,rol,id) values (?,?,?,?)
2025-05-27T11:23:19.007-05:00 DEBUG 19732 --- [doctorya] [           main] o.s.security.web.FilterChainProxy        : Securing POST /auth/login
2025-05-27T11:23:19.007-05:00 DEBUG 19732 --- [doctorya] [           main] o.s.s.w.a.AnonymousAuthenticationFilter  : Set SecurityContextHolder to anonymous SecurityContext
2025-05-27T11:23:19.007-05:00 DEBUG 19732 --- [doctorya] [           main] o.s.security.web.FilterChainProxy        : Secured POST /auth/login
1053847601
Hibernate: select a1_0.id,a1_0.identification,a1_0.password,a1_0.rol from auth a1_0 where a1_0.identification=?
Hibernate: insert into auth (identification,password,rol,id) values (?,?,?,?)
Hibernate: insert into patient (auth_id,insurance,name,id) values (?,?,?,?)
Hibernate: insert into auth (identification,password,rol,id) values (?,?,?,?)
Hibernate: insert into physician (auth_id,code,name,speciality,id) values (?,?,?,?,?)
Hibernate: insert into appointment (end_date,patient_id,physician_id,reason,start_date,id) values (?,?,?,?,?,?)
2025-05-27T11:23:19.076-05:00 DEBUG 19732 --- [doctorya] [           main] o.s.security.web.FilterChainProxy        : Securing GET /appointment
2025-05-27T11:23:19.076-05:00 DEBUG 19732 --- [doctorya] [           main] o.s.s.o.s.r.a.JwtAuthenticationProvider  : Authenticated token
2025-05-27T11:23:19.076-05:00 DEBUG 19732 --- [doctorya] [           main] .s.r.w.a.BearerTokenAuthenticationFilter : Set SecurityContextHolder to JwtAuthenticationToken [Principal=org.springframework.security.oauth2.jwt.Jwt@1dbc3690, Credentials=[PROTECTED], Authenticated=true, Details=WebAuthenticationDetails [RemoteIpAddress=127.0.0.1, SessionId=null], Granted Authorities=[ROLE_ADMIN]]
2025-05-27T11:23:19.077-05:00 DEBUG 19732 --- [doctorya] [           main] o.s.security.web.FilterChainProxy        : Secured GET /appointment
Hibernate: select a1_0.id,a1_0.end_date,a1_0.patient_id,a1_0.physician_id,a1_0.reason,a1_0.start_date from appointment a1_0
Hibernate: select p1_0.id,a1_0.id,a1_0.identification,a1_0.password,a1_0.rol,p1_0.insurance,p1_0.name from patient p1_0 left join auth a1_0 on a1_0.id=p1_0.auth_id where p1_0.id=?
Hibernate: select p1_0.id,a1_0.id,a1_0.identification,a1_0.password,a1_0.rol,p1_0.code,p1_0.name,p1_0.speciality from physician p1_0 left join auth a1_0 on a1_0.id=p1_0.auth_id where p1_0.id=?
Hibernate: select a1_0.id,a1_0.end_date,a1_0.patient_id,a1_0.physician_id,a1_0.reason,a1_0.start_date from appointment a1_0
Hibernate: select p1_0.id,a1_0.id,a1_0.identification,a1_0.password,a1_0.rol,p1_0.insurance,p1_0.name from patient p1_0 left join auth a1_0 on a1_0.id=p1_0.auth_id where p1_0.id=?
Hibernate: select p1_0.id,a1_0.id,a1_0.identification,a1_0.password,a1_0.rol,p1_0.code,p1_0.name,p1_0.speciality from physician p1_0 left join auth a1_0 on a1_0.id=p1_0.auth_id where p1_0.id=?
Hibernate: delete from appointment where id=?
Hibernate: select p1_0.id,p1_0.auth_id,p1_0.insurance,p1_0.name from patient p1_0
Hibernate: select a1_0.id,a1_0.identification,a1_0.password,a1_0.rol from auth a1_0 where a1_0.id=?
Hibernate: delete from patient where id=?
Hibernate: delete from auth where id=?
Hibernate: select p1_0.id,p1_0.auth_id,p1_0.code,p1_0.name,p1_0.speciality from physician p1_0
Hibernate: select a1_0.id,a1_0.identification,a1_0.password,a1_0.rol from auth a1_0 where a1_0.id=?
Hibernate: delete from physician where id=?
Hibernate: delete from auth where id=?
Hibernate: select a1_0.id,a1_0.identification,a1_0.password,a1_0.rol from auth a1_0
Hibernate: delete from auth where id=?
]]></system-out>
  </testcase>
  <testcase name="testCreateAppointment" classname="com.project.doctorya.AppointmentTest.AppointmentIntegrationTest" time="0.173">
    <system-out><![CDATA[2025-05-27T11:23:19.114-05:00 DEBUG 19732 --- [doctorya] [           main] o.s.security.web.FilterChainProxy        : Securing POST /auth/register
2025-05-27T11:23:19.114-05:00 DEBUG 19732 --- [doctorya] [           main] o.s.s.w.a.AnonymousAuthenticationFilter  : Set SecurityContextHolder to anonymous SecurityContext
2025-05-27T11:23:19.114-05:00 DEBUG 19732 --- [doctorya] [           main] o.s.security.web.FilterChainProxy        : Secured POST /auth/register
Hibernate: select a1_0.id,a1_0.identification,a1_0.password,a1_0.rol from auth a1_0 where a1_0.identification=?
Hibernate: insert into auth (identification,password,rol,id) values (?,?,?,?)
2025-05-27T11:23:19.181-05:00 DEBUG 19732 --- [doctorya] [           main] o.s.security.web.FilterChainProxy        : Securing POST /auth/login
2025-05-27T11:23:19.181-05:00 DEBUG 19732 --- [doctorya] [           main] o.s.s.w.a.AnonymousAuthenticationFilter  : Set SecurityContextHolder to anonymous SecurityContext
2025-05-27T11:23:19.181-05:00 DEBUG 19732 --- [doctorya] [           main] o.s.security.web.FilterChainProxy        : Secured POST /auth/login
1053847601
Hibernate: select a1_0.id,a1_0.identification,a1_0.password,a1_0.rol from auth a1_0 where a1_0.identification=?
Hibernate: insert into auth (identification,password,rol,id) values (?,?,?,?)
Hibernate: insert into patient (auth_id,insurance,name,id) values (?,?,?,?)
Hibernate: insert into auth (identification,password,rol,id) values (?,?,?,?)
Hibernate: insert into physician (auth_id,code,name,speciality,id) values (?,?,?,?,?)
2025-05-27T11:23:19.247-05:00 DEBUG 19732 --- [doctorya] [           main] o.s.security.web.FilterChainProxy        : Securing POST /appointment
2025-05-27T11:23:19.247-05:00 DEBUG 19732 --- [doctorya] [           main] o.s.s.o.s.r.a.JwtAuthenticationProvider  : Authenticated token
2025-05-27T11:23:19.247-05:00 DEBUG 19732 --- [doctorya] [           main] .s.r.w.a.BearerTokenAuthenticationFilter : Set SecurityContextHolder to JwtAuthenticationToken [Principal=org.springframework.security.oauth2.jwt.Jwt@1dbc3690, Credentials=[PROTECTED], Authenticated=true, Details=WebAuthenticationDetails [RemoteIpAddress=127.0.0.1, SessionId=null], Granted Authorities=[ROLE_ADMIN]]
2025-05-27T11:23:19.247-05:00 DEBUG 19732 --- [doctorya] [           main] o.s.security.web.FilterChainProxy        : Secured POST /appointment
2025-05-27T11:23:19.248-05:00 DEBUG 19732 --- [doctorya] [           main] horizationManagerBeforeMethodInterceptor : Authorizing method invocation ReflectiveMethodInvocation: public org.springframework.http.ResponseEntity com.project.doctorya.appointment.controller.AppointmentController.create(com.project.doctorya.appointment.dto.AppointmentDTO); target is of class [com.project.doctorya.appointment.controller.AppointmentController]
2025-05-27T11:23:19.249-05:00 DEBUG 19732 --- [doctorya] [           main] horizationManagerBeforeMethodInterceptor : Authorized method invocation ReflectiveMethodInvocation: public org.springframework.http.ResponseEntity com.project.doctorya.appointment.controller.AppointmentController.create(com.project.doctorya.appointment.dto.AppointmentDTO); target is of class [com.project.doctorya.appointment.controller.AppointmentController]
Hibernate: select p1_0.id,p1_0.auth_id,p1_0.insurance,p1_0.name from patient p1_0 left join auth a1_0 on a1_0.id=p1_0.auth_id where a1_0.identification=?
Hibernate: select a1_0.id,a1_0.identification,a1_0.password,a1_0.rol from auth a1_0 where a1_0.id=?
Hibernate: select p1_0.id,p1_0.auth_id,p1_0.code,p1_0.name,p1_0.speciality from physician p1_0 left join auth a1_0 on a1_0.id=p1_0.auth_id where a1_0.identification=?
Hibernate: select a1_0.id,a1_0.identification,a1_0.password,a1_0.rol from auth a1_0 where a1_0.id=?
Hibernate: select a1_0.id,a1_0.end_date,a1_0.patient_id,a1_0.physician_id,a1_0.reason,a1_0.start_date from appointment a1_0 join physician p2_0 on p2_0.id=a1_0.physician_id join auth a2_0 on a2_0.id=p2_0.auth_id where a1_0.start_date<? and a1_0.end_date>? and a2_0.identification=?
Hibernate: insert into appointment (end_date,patient_id,physician_id,reason,start_date,id) values (?,?,?,?,?,?)
Hibernate: select a1_0.id,a1_0.end_date,a1_0.patient_id,a1_0.physician_id,a1_0.reason,a1_0.start_date from appointment a1_0
Hibernate: select p1_0.id,a1_0.id,a1_0.identification,a1_0.password,a1_0.rol,p1_0.insurance,p1_0.name from patient p1_0 left join auth a1_0 on a1_0.id=p1_0.auth_id where p1_0.id=?
Hibernate: select p1_0.id,a1_0.id,a1_0.identification,a1_0.password,a1_0.rol,p1_0.code,p1_0.name,p1_0.speciality from physician p1_0 left join auth a1_0 on a1_0.id=p1_0.auth_id where p1_0.id=?
Hibernate: delete from appointment where id=?
Hibernate: select p1_0.id,p1_0.auth_id,p1_0.insurance,p1_0.name from patient p1_0
Hibernate: select a1_0.id,a1_0.identification,a1_0.password,a1_0.rol from auth a1_0 where a1_0.id=?
Hibernate: delete from patient where id=?
Hibernate: delete from auth where id=?
Hibernate: select p1_0.id,p1_0.auth_id,p1_0.code,p1_0.name,p1_0.speciality from physician p1_0
Hibernate: select a1_0.id,a1_0.identification,a1_0.password,a1_0.rol from auth a1_0 where a1_0.id=?
Hibernate: delete from physician where id=?
Hibernate: delete from auth where id=?
Hibernate: select a1_0.id,a1_0.identification,a1_0.password,a1_0.rol from auth a1_0
Hibernate: delete from auth where id=?
]]></system-out>
  </testcase>
</testsuite>